[mybatis_study][INFO] [2019-08-16 19:59:36] ?.?(?) | using logger: com.alibaba.dubbo.common.logger.log4j.Log4jLoggerAdapter
[mybatis_study][DEBUG] [2019-08-16 19:59:40] com.alibaba.druid.filter.logging.Log4jFilter.connectionLog(132) | {conn-10001} connected
[mybatis_study][DEBUG] [2019-08-16 19:59:40] com.alibaba.druid.filter.logging.Log4jFilter.connectionLog(132) | {conn-10002} connected
[mybatis_study][DEBUG] [2019-08-16 19:59:40] com.alibaba.druid.filter.logging.Log4jFilter.connectionLog(132) | {conn-10003} connected
[mybatis_study][DEBUG] [2019-08-16 19:59:40] com.alibaba.druid.filter.logging.Log4jFilter.connectionLog(132) | {conn-10004} connected
[mybatis_study][DEBUG] [2019-08-16 19:59:40] com.alibaba.druid.filter.logging.Log4jFilter.connectionLog(132) | {conn-10005} connected
[mybatis_study][INFO] [2019-08-16 19:59:40] com.alibaba.druid.pool.DruidDataSource.init(721) | {dataSource-1} inited
[mybatis_study][DEBUG] [2019-08-16 19:59:40] com.alibaba.druid.filter.logging.Log4jFilter.connectionLog(132) | {conn-10005} pool-connect
[mybatis_study][DEBUG] [2019-08-16 19:59:40] com.alibaba.druid.filter.logging.Log4jFilter.connectionLog(132) | {conn-10005} pool-recycle
[mybatis_study][DEBUG] [2019-08-16 19:59:40] com.alibaba.druid.filter.logging.Log4jFilter.connectionLog(132) | {conn-10005} pool-connect
[mybatis_study][DEBUG] [2019-08-16 19:59:40] com.alibaba.druid.filter.logging.Log4jFilter.connectionLog(132) | {conn-10005} pool-recycle
[mybatis_study][DEBUG] [2019-08-16 19:59:41] com.alibaba.druid.filter.logging.Log4jFilter.connectionLog(132) | {conn-10005} pool-connect
[mybatis_study][DEBUG] [2019-08-16 19:59:41] com.alibaba.druid.filter.logging.Log4jFilter.connectionLog(132) | {conn-10005} pool-recycle
[mybatis_study][DEBUG] [2019-08-16 19:59:42] com.alibaba.druid.filter.logging.Log4jFilter.connectionLog(132) | {conn-10005} pool-connect
[mybatis_study][DEBUG] [2019-08-16 19:59:42] com.alibaba.druid.filter.logging.Log4jFilter.connectionLog(132) | {conn-10005} pool-recycle
[mybatis_study][DEBUG] [2019-08-16 19:59:45] org.I0Itec.zkclient.ZkConnection.connect(68) | Creating new ZookKeeper instance to connect to 127.0.0.1:2181.
[mybatis_study][INFO] [2019-08-16 19:59:45] org.I0Itec.zkclient.ZkEventThread.run(64) | Starting ZkClient event thread.
[mybatis_study][DEBUG] [2019-08-16 19:59:45] org.I0Itec.zkclient.ZkClient.connect(1181) | Awaiting connection to Zookeeper server
[mybatis_study][DEBUG] [2019-08-16 19:59:45] org.I0Itec.zkclient.ZkClient.waitForKeeperState(895) | Waiting for keeper state SyncConnected
[mybatis_study][DEBUG] [2019-08-16 19:59:45] org.I0Itec.zkclient.ZkClient.process(606) | Received event: WatchedEvent state:SyncConnected type:None path:null
[mybatis_study][INFO] [2019-08-16 19:59:45] org.I0Itec.zkclient.ZkClient.processStateChanged(704) | zookeeper state changed (SyncConnected)
[mybatis_study][DEBUG] [2019-08-16 19:59:45] org.I0Itec.zkclient.ZkClient.process(650) | Leaving process event
[mybatis_study][DEBUG] [2019-08-16 19:59:45] org.I0Itec.zkclient.ZkClient.waitForKeeperState(905) | State is SyncConnected
